<?xml version="1.0" encoding="UTF-8"?>
<!-- Generated by org.testng.reporters.JUnitReportReporter -->
<testsuite hostname="DESKTOP-A4VNCGL" failures="0" tests="7" name="selenium.TestNG_homework" time="0.017" errors="0" timestamp="2022-09-18T14:17:10 EDT" skipped="0">
  <testcase classname="selenium.TestNG_homework" name="nm_thre3" time="0.009"/>
  <system-out/>
  <testcase classname="selenium.TestNG_homework" name="nu_two" time="0.001"/>
  <system-out/>
  <testcase classname="selenium.TestNG_homework" name="n_one" time="0.001"/>
  <system-out/>
  <testcase classname="selenium.TestNG_homework" name="zero" time="0.002"/>
  <system-out/>
  <testcase classname="selenium.TestNG_homework" name="one" time="0.001"/>
  <system-out/>
  <testcase classname="selenium.TestNG_homework" name="two" time="0.001"/>
  <system-out/>
  <testcase classname="selenium.TestNG_homework" name="n_three" time="0.002"/>
  <system-out/>
</testsuite> <!-- selenium.TestNG_homework -->
