<?xml version="1.0" encoding="UTF-8"?>
<!-- Generated by org.testng.reporters.JUnitReportReporter -->
<testsuite hostname="DESKTOP-A4VNCGL" failures="0" tests="1" name="selenium.Calender" time="6.966" errors="0" timestamp="2022-09-18T16:10:18 EDT" skipped="0">
  <testcase classname="selenium.Calender" name="getCalender" time="6.966"/>
  <system-out/>
</testsuite> <!-- selenium.Calender -->
